<?xml version="1.0" encoding="UTF-8"?>
<!-- Generated by org.testng.reporters.JUnitXMLReporter -->
<testsuite hostname="LAPTOP-IIRF7F8F" ignored="3" name="facebookTests" tests="2" failures="0" timestamp="2020-11-25T00:10:58 EST" time="34.655" errors="0">
  <testcase name="LoginTest" time="11.521" classname="com.facebook.testCases.TC_LoginTest_003"/>
  <testcase name="SignUPTest" time="15.236" classname="com.facebook.testCases.TC_SignUPTest_001"/>
  <testcase name="signUpTest" time="0.0" classname="com.facebook.testCases.TC_SignUpDDT_002">
    <ignored/>
  </testcase> <!-- signUpTest -->
  <testcase name="HomePage" time="0.0" classname="com.facebook.testCases.TC_HomePage_004">
    <ignored/>
  </testcase> <!-- HomePage -->
  <testcase name="GroupsPage" time="0.0" classname="com.facebook.testCases.TC_Groups_005">
    <ignored/>
  </testcase> <!-- GroupsPage -->
</testsuite> <!-- facebookTests -->
