<?xml version="1.0" encoding="UTF-8"?>
<testng-results skipped="0" failed="3" ignored="3" total="20" passed="14">
  <reporter-output>
  </reporter-output>
  <suite name="facebook CrossBrowser Suite" duration-ms="115392" started-at="2020-11-25T00:10:59 EST" finished-at="2020-11-25T00:12:54 EST">
    <groups>
      <group name="regression">
        <method signature="TC_HomePage_004.HomePage()[pri:0, instance:com.facebook.testCases.TC_HomePage_004@5aa9e4eb]" name="HomePage" class="com.facebook.testCases.TC_HomePage_004"/>
        <method signature="TC_LoginTest_003.LoginTest()[pri:0, instance:com.facebook.testCases.TC_LoginTest_003@3fc2959f]" name="LoginTest" class="com.facebook.testCases.TC_LoginTest_003"/>
        <method signature="TC_SignUPTest_001.SignUPTest()[pri:0, instance:com.facebook.testCases.TC_SignUPTest_001@1f2586d6]" name="SignUPTest" class="com.facebook.testCases.TC_SignUPTest_001"/>
      </group> <!-- regression -->
      <group name="sanity">
        <method signature="TC_LoginTest_003.LoginTest()[pri:0, instance:com.facebook.testCases.TC_LoginTest_003@3fc2959f]" name="LoginTest" class="com.facebook.testCases.TC_LoginTest_003"/>
        <method signature="TC_SignUPTest_001.SignUPTest()[pri:0, instance:com.facebook.testCases.TC_SignUPTest_001@1f2586d6]" name="SignUPTest" class="com.facebook.testCases.TC_SignUPTest_001"/>
      </group> <!-- sanity -->
      <group name="master">
        <method signature="TC_HomePage_004.HomePage()[pri:0, instance:com.facebook.testCases.TC_HomePage_004@5aa9e4eb]" name="HomePage" class="com.facebook.testCases.TC_HomePage_004"/>
        <method signature="TC_LoginTest_003.LoginTest()[pri:0, instance:com.facebook.testCases.TC_LoginTest_003@3fc2959f]" name="LoginTest" class="com.facebook.testCases.TC_LoginTest_003"/>
        <method signature="TC_SignUPTest_001.SignUPTest()[pri:0, instance:com.facebook.testCases.TC_SignUPTest_001@1f2586d6]" name="SignUPTest" class="com.facebook.testCases.TC_SignUPTest_001"/>
        <method signature="TC_SignUpDDT_002.signUpTest(java.lang.String, java.lang.String, java.lang.String, java.lang.String, java.lang.String, java.lang.String, java.lang.String, java.lang.String, java.lang.String)[pri:0, instance:com.facebook.testCases.TC_SignUpDDT_002@10683d9d]" name="signUpTest" class="com.facebook.testCases.TC_SignUpDDT_002"/>
      </group> <!-- master -->
    </groups>
    <test name="facebookTests" duration-ms="115392" started-at="2020-11-25T00:10:59 EST" finished-at="2020-11-25T00:12:54 EST">
      <class name="com.facebook.testCases.TC_HomePage_004">
        <test-method status="PASS" signature="setup(java.lang.String)[pri:0, instance:com.facebook.testCases.TC_HomePage_004@5aa9e4eb]" name="setup" is-config="true" duration-ms="3663" started-at="2020-11-25T00:12:32 EST" finished-at="2020-11-25T00:12:36 EST">
          <params>
            <param index="0">
              <value>
                <![CDATA[chrome]]>
              </value>
            </param>
          </params>
          <reporter-output>
          </reporter-output>
        </test-method> <!-- setup -->
        <test-method status="FAIL" signature="HomePage()[pri:0, instance:com.facebook.testCases.TC_HomePage_004@5aa9e4eb]" name="HomePage" duration-ms="18148" started-at="2020-11-25T00:12:36 EST" finished-at="2020-11-25T00:12:54 EST">
          <exception class="org.openqa.selenium.ElementClickInterceptedException">
            <message>
              <![CDATA[element click intercepted: Element <div class="cwj9ozl2 j83agx80 pfnyh3mw taijpn5t dhxd5tqv hv4rvrfc f10w8fjw dati1w0a l9j0dhe7">...</div> is not clickable at point (664, 234). Other element would receive the click: <div class="iqfcb0g7 tojvnm2t a6sixzi8 k5wvi7nf q3lfd5jv pk4s997a bipmatt0 cebpdrjk qowsmv63 owwhemhu dp1hu0rb dhp61c6y l9j0dhe7 iyyx5f41 a8s20v7p" tabindex="-1">...</div>
  (Session info: chrome=87.0.4280.66)
Build info: version: '4.0.0-alpha-6', revision: '5f43a29cfc'
System info: host: 'LAPTOP-IIRF7F8F', ip: '192.168.4.29', os.name: 'Windows 10', os.arch: 'amd64', os.version: '10.0', java.version: '1.8.0_221'
Driver info: org.openqa.selenium.chrome.ChromeDriver
Capabilities {acceptInsecureCerts: false, browserName: chrome, browserVersion: 87.0.4280.66, chrome: {chromedriverVersion: 87.0.4280.20 (c99e81631faa0..., userDataDir: C:\Users\muhas\AppData\Loca...}, goog:chromeOptions: {debuggerAddress: localhost:52326}, javascriptEnabled: true, networkConnectionEnabled: false, pageLoadStrategy: normal, platform: WINDOWS, platformName: WINDOWS, proxy: Proxy(), setWindowRect: true, strictFileInteractability: false, timeouts: {implicit: 0, pageLoad: 300000, script: 30000}, unhandledPromptBehavior: dismiss and notify, webauthn:virtualAuthenticators: true}
Session ID: 7fbbb6b0a4363c96001e6801f9a50dce]]>
            </message>
            <full-stacktrace>
              <![CDATA[org.openqa.selenium.ElementClickInterceptedException: element click intercepted: Element <div class="cwj9ozl2 j83agx80 pfnyh3mw taijpn5t dhxd5tqv hv4rvrfc f10w8fjw dati1w0a l9j0dhe7">...</div> is not clickable at point (664, 234). Other element would receive the click: <div class="iqfcb0g7 tojvnm2t a6sixzi8 k5wvi7nf q3lfd5jv pk4s997a bipmatt0 cebpdrjk qowsmv63 owwhemhu dp1hu0rb dhp61c6y l9j0dhe7 iyyx5f41 a8s20v7p" tabindex="-1">...</div>
  (Session info: chrome=87.0.4280.66)
Build info: version: '4.0.0-alpha-6', revision: '5f43a29cfc'
System info: host: 'LAPTOP-IIRF7F8F', ip: '192.168.4.29', os.name: 'Windows 10', os.arch: 'amd64', os.version: '10.0', java.version: '1.8.0_221'
Driver info: org.openqa.selenium.chrome.ChromeDriver
Capabilities {acceptInsecureCerts: false, browserName: chrome, browserVersion: 87.0.4280.66, chrome: {chromedriverVersion: 87.0.4280.20 (c99e81631faa0..., userDataDir: C:\Users\muhas\AppData\Loca...}, goog:chromeOptions: {debuggerAddress: localhost:52326}, javascriptEnabled: true, networkConnectionEnabled: false, pageLoadStrategy: normal, platform: WINDOWS, platformName: WINDOWS, proxy: Proxy(), setWindowRect: true, strictFileInteractability: false, timeouts: {implicit: 0, pageLoad: 300000, script: 30000}, unhandledPromptBehavior: dismiss and notify, webauthn:virtualAuthenticators: true}
Session ID: 7fbbb6b0a4363c96001e6801f9a50dce
at sun.reflect.NativeConstructorAccessorImpl.newInstance0(Native Method)
at sun.reflect.NativeConstructorAccessorImpl.newInstance(NativeConstructorAccessorImpl.java:62)
at sun.reflect.DelegatingConstructorAccessorImpl.newInstance(DelegatingConstructorAccessorImpl.java:45)
at java.lang.reflect.Constructor.newInstance(Constructor.java:423)
at org.openqa.selenium.remote.codec.w3c.W3CHttpResponseCodec.createException(W3CHttpResponseCodec.java:196)
at org.openqa.selenium.remote.codec.w3c.W3CHttpResponseCodec.decode(W3CHttpResponseCodec.java:129)
at org.openqa.selenium.remote.codec.w3c.W3CHttpResponseCodec.decode(W3CHttpResponseCodec.java:53)
at org.openqa.selenium.remote.HttpCommandExecutor.execute(HttpCommandExecutor.java:160)
at org.openqa.selenium.remote.service.DriverCommandExecutor.execute(DriverCommandExecutor.java:83)
at org.openqa.selenium.remote.RemoteWebDriver.execute(RemoteWebDriver.java:582)
at org.openqa.selenium.remote.RemoteWebElement.execute(RemoteWebElement.java:316)
at org.openqa.selenium.remote.RemoteWebElement.click(RemoteWebElement.java:85)
at sun.reflect.GeneratedMethodAccessor4.invoke(Unknown Source)
at sun.reflect.DelegatingMethodAccessorImpl.invoke(DelegatingMethodAccessorImpl.java:43)
at java.lang.reflect.Method.invoke(Method.java:498)
at org.openqa.selenium.support.pagefactory.internal.LocatingElementHandler.invoke(LocatingElementHandler.java:52)
at com.sun.proxy.$Proxy20.click(Unknown Source)
at com.facebook.pageObjects.HomePage.setCreatestory(HomePage.java:81)
at com.facebook.testCases.TC_HomePage_004.HomePage(TC_HomePage_004.java:34)
at sun.reflect.NativeMethodAccessorImpl.invoke0(Native Method)
at sun.reflect.NativeMethodAccessorImpl.invoke(NativeMethodAccessorImpl.java:62)
at sun.reflect.DelegatingMethodAccessorImpl.invoke(DelegatingMethodAccessorImpl.java:43)
at java.lang.reflect.Method.invoke(Method.java:498)
at org.testng.internal.MethodInvocationHelper.invokeMethod(MethodInvocationHelper.java:132)
at org.testng.internal.TestInvoker.invokeMethod(TestInvoker.java:599)
at org.testng.internal.TestInvoker.invokeTestMethod(TestInvoker.java:174)
at org.testng.internal.MethodRunner.runInSequence(MethodRunner.java:46)
at org.testng.internal.TestInvoker$MethodInvocationAgent.invoke(TestInvoker.java:822)
at org.testng.internal.TestInvoker.invokeTestMethods(TestInvoker.java:147)
at org.testng.internal.TestMethodWorker.invokeTestMethods(TestMethodWorker.java:146)
at org.testng.internal.TestMethodWorker.run(TestMethodWorker.java:128)
at java.util.ArrayList.forEach(ArrayList.java:1257)
at org.testng.TestRunner.privateRun(TestRunner.java:764)
at org.testng.TestRunner.run(TestRunner.java:585)
at org.testng.SuiteRunner.runTest(SuiteRunner.java:384)
at org.testng.SuiteRunner.access$000(SuiteRunner.java:28)
at org.testng.SuiteRunner$SuiteWorker.run(SuiteRunner.java:425)
at org.testng.internal.thread.ThreadUtil.lambda$execute$0(ThreadUtil.java:66)
at java.util.concurrent.FutureTask.run(FutureTask.java:266)
at java.util.concurrent.ThreadPoolExecutor.runWorker(ThreadPoolExecutor.java:1149)
at java.util.concurrent.ThreadPoolExecutor$Worker.run(ThreadPoolExecutor.java:624)
at java.lang.Thread.run(Thread.java:748)
]]>
            </full-stacktrace>
          </exception> <!-- org.openqa.selenium.ElementClickInterceptedException -->
          <reporter-output>
          </reporter-output>
        </test-method> <!-- HomePage -->
        <test-method status="PASS" signature="tearDown()[pri:0, instance:com.facebook.testCases.TC_HomePage_004@5aa9e4eb]" name="tearDown" is-config="true" duration-ms="71" started-at="2020-11-25T00:12:54 EST" finished-at="2020-11-25T00:12:54 EST">
          <reporter-output>
          </reporter-output>
        </test-method> <!-- tearDown -->
      </class> <!-- com.facebook.testCases.TC_HomePage_004 -->
      <class name="com.facebook.testCases.TC_LoginTest_003">
        <test-method status="PASS" signature="setup(java.lang.String)[pri:0, instance:com.facebook.testCases.TC_LoginTest_003@3fc2959f]" name="setup" is-config="true" duration-ms="3436" started-at="2020-11-25T00:12:13 EST" finished-at="2020-11-25T00:12:16 EST">
          <params>
            <param index="0">
              <value>
                <![CDATA[chrome]]>
              </value>
            </param>
          </params>
          <reporter-output>
          </reporter-output>
        </test-method> <!-- setup -->
        <test-method status="PASS" signature="LoginTest()[pri:0, instance:com.facebook.testCases.TC_LoginTest_003@3fc2959f]" name="LoginTest" duration-ms="15612" started-at="2020-11-25T00:12:16 EST" finished-at="2020-11-25T00:12:32 EST">
          <reporter-output>
          </reporter-output>
        </test-method> <!-- LoginTest -->
        <test-method status="PASS" signature="tearDown()[pri:0, instance:com.facebook.testCases.TC_LoginTest_003@3fc2959f]" name="tearDown" is-config="true" duration-ms="108" started-at="2020-11-25T00:12:32 EST" finished-at="2020-11-25T00:12:32 EST">
          <reporter-output>
          </reporter-output>
        </test-method> <!-- tearDown -->
      </class> <!-- com.facebook.testCases.TC_LoginTest_003 -->
      <class name="com.facebook.testCases.TC_SignUPTest_001">
        <test-method status="PASS" signature="setup(java.lang.String)[pri:0, instance:com.facebook.testCases.TC_SignUPTest_001@1f2586d6]" name="setup" is-config="true" duration-ms="3445" started-at="2020-11-25T00:10:59 EST" finished-at="2020-11-25T00:11:02 EST">
          <params>
            <param index="0">
              <value>
                <![CDATA[chrome]]>
              </value>
            </param>
          </params>
          <reporter-output>
          </reporter-output>
        </test-method> <!-- setup -->
        <test-method status="PASS" signature="SignUPTest()[pri:0, instance:com.facebook.testCases.TC_SignUPTest_001@1f2586d6]" name="SignUPTest" duration-ms="14763" started-at="2020-11-25T00:11:02 EST" finished-at="2020-11-25T00:11:17 EST">
          <reporter-output>
          </reporter-output>
        </test-method> <!-- SignUPTest -->
        <test-method status="PASS" signature="tearDown()[pri:0, instance:com.facebook.testCases.TC_SignUPTest_001@1f2586d6]" name="tearDown" is-config="true" duration-ms="81" started-at="2020-11-25T00:11:17 EST" finished-at="2020-11-25T00:11:17 EST">
          <reporter-output>
          </reporter-output>
        </test-method> <!-- tearDown -->
      </class> <!-- com.facebook.testCases.TC_SignUPTest_001 -->
      <class name="com.facebook.testCases.TC_SignUpDDT_002">
        <test-method status="PASS" signature="setup(java.lang.String)[pri:0, instance:com.facebook.testCases.TC_SignUpDDT_002@10683d9d]" name="setup" is-config="true" duration-ms="3547" started-at="2020-11-25T00:11:17 EST" finished-at="2020-11-25T00:11:20 EST">
          <params>
            <param index="0">
              <value>
                <![CDATA[chrome]]>
              </value>
            </param>
          </params>
          <reporter-output>
          </reporter-output>
        </test-method> <!-- setup -->
        <test-method status="PASS" signature="signUpTest(java.lang.String, java.lang.String, java.lang.String, java.lang.String, java.lang.String, java.lang.String, java.lang.String, java.lang.String, java.lang.String)[pri:0, instance:com.facebook.testCases.TC_SignUpDDT_002@10683d9d]" name="signUpTest" duration-ms="13791" started-at="2020-11-25T00:11:21 EST" data-provider="SignUpData" finished-at="2020-11-25T00:11:35 EST">
          <params>
            <param index="0">
              <value>
                <![CDATA[Asif]]>
              </value>
            </param>
            <param index="1">
              <value>
                <![CDATA[Khan]]>
              </value>
            </param>
            <param index="2">
              <value>
                <![CDATA[khanasif.qa@gmail.com]]>
              </value>
            </param>
            <param index="3">
              <value>
                <![CDATA[Rabika2020@]]>
              </value>
            </param>
            <param index="4">
              <value>
                <![CDATA[Mar]]>
              </value>
            </param>
            <param index="5">
              <value>
                <![CDATA[4]]>
              </value>
            </param>
            <param index="6">
              <value>
                <![CDATA[1990]]>
              </value>
            </param>
            <param index="7">
              <value>
                <![CDATA[Male]]>
              </value>
            </param>
            <param index="8">
              <value>
                <![CDATA[Passed]]>
              </value>
            </param>
          </params>
          <reporter-output>
          </reporter-output>
        </test-method> <!-- signUpTest -->
        <test-method status="PASS" signature="signUpTest(java.lang.String, java.lang.String, java.lang.String, java.lang.String, java.lang.String, java.lang.String, java.lang.String, java.lang.String, java.lang.String)[pri:0, instance:com.facebook.testCases.TC_SignUpDDT_002@10683d9d]" name="signUpTest" duration-ms="13414" started-at="2020-11-25T00:11:35 EST" data-provider="SignUpData" finished-at="2020-11-25T00:11:48 EST">
          <params>
            <param index="0">
              <value>
                <![CDATA[Asif]]>
              </value>
            </param>
            <param index="1">
              <value>
                <![CDATA[Khan]]>
              </value>
            </param>
            <param index="2">
              <value>
                <![CDATA[khanasif@gmail.com]]>
              </value>
            </param>
            <param index="3">
              <value>
                <![CDATA[Rabika2020@]]>
              </value>
            </param>
            <param index="4">
              <value>
                <![CDATA[Mar]]>
              </value>
            </param>
            <param index="5">
              <value>
                <![CDATA[4]]>
              </value>
            </param>
            <param index="6">
              <value>
                <![CDATA[1990]]>
              </value>
            </param>
            <param index="7">
              <value>
                <![CDATA[Male]]>
              </value>
            </param>
            <param index="8">
              <value>
                <![CDATA[failed]]>
              </value>
            </param>
          </params>
          <reporter-output>
          </reporter-output>
        </test-method> <!-- signUpTest -->
        <test-method status="PASS" signature="signUpTest(java.lang.String, java.lang.String, java.lang.String, java.lang.String, java.lang.String, java.lang.String, java.lang.String, java.lang.String, java.lang.String)[pri:0, instance:com.facebook.testCases.TC_SignUpDDT_002@10683d9d]" name="signUpTest" duration-ms="12288" started-at="2020-11-25T00:11:48 EST" data-provider="SignUpData" finished-at="2020-11-25T00:12:01 EST">
          <params>
            <param index="0">
              <value>
                <![CDATA[Asif]]>
              </value>
            </param>
            <param index="1">
              <value>
                <![CDATA[Khan]]>
              </value>
            </param>
            <param index="2">
              <value>
                <![CDATA[khanasif.qa@gmail.com]]>
              </value>
            </param>
            <param index="3">
              <value>
                <![CDATA[Rabika2020]]>
              </value>
            </param>
            <param index="4">
              <value>
                <![CDATA[Mar]]>
              </value>
            </param>
            <param index="5">
              <value>
                <![CDATA[4]]>
              </value>
            </param>
            <param index="6">
              <value>
                <![CDATA[1990]]>
              </value>
            </param>
            <param index="7">
              <value>
                <![CDATA[Male]]>
              </value>
            </param>
            <param index="8">
              <value>
                <![CDATA[failed]]>
              </value>
            </param>
          </params>
          <reporter-output>
          </reporter-output>
        </test-method> <!-- signUpTest -->
        <test-method status="PASS" signature="signUpTest(java.lang.String, java.lang.String, java.lang.String, java.lang.String, java.lang.String, java.lang.String, java.lang.String, java.lang.String, java.lang.String)[pri:0, instance:com.facebook.testCases.TC_SignUpDDT_002@10683d9d]" name="signUpTest" duration-ms="12085" started-at="2020-11-25T00:12:01 EST" data-provider="SignUpData" finished-at="2020-11-25T00:12:13 EST">
          <params>
            <param index="0">
              <value>
                <![CDATA[Asif]]>
              </value>
            </param>
            <param index="1">
              <value>
                <![CDATA[Kan]]>
              </value>
            </param>
            <param index="2">
              <value>
                <![CDATA[khanasif.qa@gmail.com]]>
              </value>
            </param>
            <param index="3">
              <value>
                <![CDATA[Rabika2020@]]>
              </value>
            </param>
            <param index="4">
              <value>
                <![CDATA[Mar]]>
              </value>
            </param>
            <param index="5">
              <value>
                <![CDATA[4]]>
              </value>
            </param>
            <param index="6">
              <value>
                <![CDATA[1990]]>
              </value>
            </param>
            <param index="7">
              <value>
                <![CDATA[Male]]>
              </value>
            </param>
            <param index="8">
              <value>
                <![CDATA[failed]]>
              </value>
            </param>
          </params>
          <reporter-output>
          </reporter-output>
        </test-method> <!-- signUpTest -->
        <test-method status="PASS" signature="tearDown()[pri:0, instance:com.facebook.testCases.TC_SignUpDDT_002@10683d9d]" name="tearDown" is-config="true" duration-ms="79" started-at="2020-11-25T00:12:13 EST" finished-at="2020-11-25T00:12:13 EST">
          <reporter-output>
          </reporter-output>
        </test-method> <!-- tearDown -->
      </class> <!-- com.facebook.testCases.TC_SignUpDDT_002 -->
    </test> <!-- facebookTests -->
  </suite> <!-- facebook CrossBrowser Suite -->
  <suite name="facebook Group Suite" duration-ms="34655" started-at="2020-11-25T00:10:24 EST" finished-at="2020-11-25T00:10:58 EST">
    <groups>
      <group name="regression">
        <method signature="TC_LoginTest_003.LoginTest()[pri:0, instance:com.facebook.testCases.TC_LoginTest_003@5542c4ed]" name="LoginTest" class="com.facebook.testCases.TC_LoginTest_003"/>
        <method signature="TC_SignUPTest_001.SignUPTest()[pri:0, instance:com.facebook.testCases.TC_SignUPTest_001@1573f9fc]" name="SignUPTest" class="com.facebook.testCases.TC_SignUPTest_001"/>
      </group> <!-- regression -->
      <group name="sanity">
        <method signature="TC_LoginTest_003.LoginTest()[pri:0, instance:com.facebook.testCases.TC_LoginTest_003@5542c4ed]" name="LoginTest" class="com.facebook.testCases.TC_LoginTest_003"/>
        <method signature="TC_SignUPTest_001.SignUPTest()[pri:0, instance:com.facebook.testCases.TC_SignUPTest_001@1573f9fc]" name="SignUPTest" class="com.facebook.testCases.TC_SignUPTest_001"/>
      </group> <!-- sanity -->
      <group name="master">
        <method signature="TC_LoginTest_003.LoginTest()[pri:0, instance:com.facebook.testCases.TC_LoginTest_003@5542c4ed]" name="LoginTest" class="com.facebook.testCases.TC_LoginTest_003"/>
        <method signature="TC_SignUPTest_001.SignUPTest()[pri:0, instance:com.facebook.testCases.TC_SignUPTest_001@1573f9fc]" name="SignUPTest" class="com.facebook.testCases.TC_SignUPTest_001"/>
      </group> <!-- master -->
    </groups>
    <test name="facebookTests" duration-ms="34655" started-at="2020-11-25T00:10:24 EST" finished-at="2020-11-25T00:10:58 EST">
      <class name="com.facebook.testCases.TC_LoginTest_003">
        <test-method status="PASS" signature="setup(java.lang.String)[pri:0, instance:com.facebook.testCases.TC_LoginTest_003@5542c4ed]" name="setup" is-config="true" duration-ms="3460" started-at="2020-11-25T00:10:24 EST" finished-at="2020-11-25T00:10:27 EST">
          <params>
            <param index="0">
              <value>
                <![CDATA[chrome]]>
              </value>
            </param>
          </params>
          <reporter-output>
          </reporter-output>
        </test-method> <!-- setup -->
        <test-method status="PASS" signature="LoginTest()[pri:0, instance:com.facebook.testCases.TC_LoginTest_003@5542c4ed]" name="LoginTest" duration-ms="11521" started-at="2020-11-25T00:10:27 EST" finished-at="2020-11-25T00:10:39 EST">
          <reporter-output>
          </reporter-output>
        </test-method> <!-- LoginTest -->
        <test-method status="PASS" signature="tearDown()[pri:0, instance:com.facebook.testCases.TC_LoginTest_003@5542c4ed]" name="tearDown" is-config="true" duration-ms="176" started-at="2020-11-25T00:10:39 EST" finished-at="2020-11-25T00:10:39 EST">
          <reporter-output>
          </reporter-output>
        </test-method> <!-- tearDown -->
      </class> <!-- com.facebook.testCases.TC_LoginTest_003 -->
      <class name="com.facebook.testCases.TC_SignUPTest_001">
        <test-method status="PASS" signature="setup(java.lang.String)[pri:0, instance:com.facebook.testCases.TC_SignUPTest_001@1573f9fc]" name="setup" is-config="true" duration-ms="3954" started-at="2020-11-25T00:10:39 EST" finished-at="2020-11-25T00:10:43 EST">
          <params>
            <param index="0">
              <value>
                <![CDATA[chrome]]>
              </value>
            </param>
          </params>
          <reporter-output>
          </reporter-output>
        </test-method> <!-- setup -->
        <test-method status="PASS" signature="SignUPTest()[pri:0, instance:com.facebook.testCases.TC_SignUPTest_001@1573f9fc]" name="SignUPTest" duration-ms="15236" started-at="2020-11-25T00:10:43 EST" finished-at="2020-11-25T00:10:58 EST">
          <reporter-output>
          </reporter-output>
        </test-method> <!-- SignUPTest -->
        <test-method status="PASS" signature="tearDown()[pri:0, instance:com.facebook.testCases.TC_SignUPTest_001@1573f9fc]" name="tearDown" is-config="true" duration-ms="298" started-at="2020-11-25T00:10:58 EST" finished-at="2020-11-25T00:10:58 EST">
          <reporter-output>
          </reporter-output>
        </test-method> <!-- tearDown -->
      </class> <!-- com.facebook.testCases.TC_SignUPTest_001 -->
    </test> <!-- facebookTests -->
  </suite> <!-- facebook Group Suite -->
  <suite name="facebook Master Suite" duration-ms="152641" started-at="2020-11-25T00:07:51 EST" finished-at="2020-11-25T00:10:23 EST">
    <groups>
      <group name="regression">
        <method signature="TC_HomePage_004.HomePage()[pri:0, instance:com.facebook.testCases.TC_HomePage_004@51399530]" name="HomePage" class="com.facebook.testCases.TC_HomePage_004"/>
        <method signature="TC_LoginTest_003.LoginTest()[pri:0, instance:com.facebook.testCases.TC_LoginTest_003@6b2ea799]" name="LoginTest" class="com.facebook.testCases.TC_LoginTest_003"/>
        <method signature="TC_SignUPTest_001.SignUPTest()[pri:0, instance:com.facebook.testCases.TC_SignUPTest_001@2b71e916]" name="SignUPTest" class="com.facebook.testCases.TC_SignUPTest_001"/>
      </group> <!-- regression -->
      <group name="sanity">
        <method signature="TC_LoginTest_003.LoginTest()[pri:0, instance:com.facebook.testCases.TC_LoginTest_003@6b2ea799]" name="LoginTest" class="com.facebook.testCases.TC_LoginTest_003"/>
        <method signature="TC_SignUPTest_001.SignUPTest()[pri:0, instance:com.facebook.testCases.TC_SignUPTest_001@2b71e916]" name="SignUPTest" class="com.facebook.testCases.TC_SignUPTest_001"/>
      </group> <!-- sanity -->
      <group name="master">
        <method signature="TC_Groups_005.GroupsPage()[pri:0, instance:com.facebook.testCases.TC_Groups_005@6771beb3]" name="GroupsPage" class="com.facebook.testCases.TC_Groups_005"/>
        <method signature="TC_HomePage_004.HomePage()[pri:0, instance:com.facebook.testCases.TC_HomePage_004@51399530]" name="HomePage" class="com.facebook.testCases.TC_HomePage_004"/>
        <method signature="TC_LoginTest_003.LoginTest()[pri:0, instance:com.facebook.testCases.TC_LoginTest_003@6b2ea799]" name="LoginTest" class="com.facebook.testCases.TC_LoginTest_003"/>
        <method signature="TC_SignUPTest_001.SignUPTest()[pri:0, instance:com.facebook.testCases.TC_SignUPTest_001@2b71e916]" name="SignUPTest" class="com.facebook.testCases.TC_SignUPTest_001"/>
        <method signature="TC_SignUpDDT_002.signUpTest(java.lang.String, java.lang.String, java.lang.String, java.lang.String, java.lang.String, java.lang.String, java.lang.String, java.lang.String, java.lang.String)[pri:0, instance:com.facebook.testCases.TC_SignUpDDT_002@411f53a0]" name="signUpTest" class="com.facebook.testCases.TC_SignUpDDT_002"/>
      </group> <!-- master -->
    </groups>
    <test name="facebookTests" duration-ms="152641" started-at="2020-11-25T00:07:51 EST" finished-at="2020-11-25T00:10:23 EST">
      <class name="com.facebook.testCases.TC_HomePage_004">
        <test-method status="PASS" signature="setup(java.lang.String)[pri:0, instance:com.facebook.testCases.TC_HomePage_004@51399530]" name="setup" is-config="true" duration-ms="3471" started-at="2020-11-25T00:08:32 EST" finished-at="2020-11-25T00:08:35 EST">
          <params>
            <param index="0">
              <value>
                <![CDATA[chrome]]>
              </value>
            </param>
          </params>
          <reporter-output>
          </reporter-output>
        </test-method> <!-- setup -->
        <test-method status="FAIL" signature="HomePage()[pri:0, instance:com.facebook.testCases.TC_HomePage_004@51399530]" name="HomePage" duration-ms="16202" started-at="2020-11-25T00:08:35 EST" finished-at="2020-11-25T00:08:51 EST">
          <exception class="org.openqa.selenium.ElementClickInterceptedException">
            <message>
              <![CDATA[element click intercepted: Element <div class="cwj9ozl2 j83agx80 pfnyh3mw taijpn5t dhxd5tqv hv4rvrfc f10w8fjw dati1w0a l9j0dhe7">...</div> is not clickable at point (664, 234). Other element would receive the click: <div class="iqfcb0g7 tojvnm2t a6sixzi8 k5wvi7nf q3lfd5jv pk4s997a bipmatt0 cebpdrjk qowsmv63 owwhemhu dp1hu0rb dhp61c6y l9j0dhe7 iyyx5f41 a8s20v7p" tabindex="-1">...</div>
  (Session info: chrome=87.0.4280.66)
Build info: version: '4.0.0-alpha-6', revision: '5f43a29cfc'
System info: host: 'LAPTOP-IIRF7F8F', ip: '192.168.4.29', os.name: 'Windows 10', os.arch: 'amd64', os.version: '10.0', java.version: '1.8.0_221'
Driver info: org.openqa.selenium.chrome.ChromeDriver
Capabilities {acceptInsecureCerts: false, browserName: chrome, browserVersion: 87.0.4280.66, chrome: {chromedriverVersion: 87.0.4280.20 (c99e81631faa0..., userDataDir: C:\Users\muhas\AppData\Loca...}, goog:chromeOptions: {debuggerAddress: localhost:51810}, javascriptEnabled: true, networkConnectionEnabled: false, pageLoadStrategy: normal, platform: WINDOWS, platformName: WINDOWS, proxy: Proxy(), setWindowRect: true, strictFileInteractability: false, timeouts: {implicit: 0, pageLoad: 300000, script: 30000}, unhandledPromptBehavior: dismiss and notify, webauthn:virtualAuthenticators: true}
Session ID: 674e5e54292f1b48aa8d96b5d84a7541]]>
            </message>
            <full-stacktrace>
              <![CDATA[org.openqa.selenium.ElementClickInterceptedException: element click intercepted: Element <div class="cwj9ozl2 j83agx80 pfnyh3mw taijpn5t dhxd5tqv hv4rvrfc f10w8fjw dati1w0a l9j0dhe7">...</div> is not clickable at point (664, 234). Other element would receive the click: <div class="iqfcb0g7 tojvnm2t a6sixzi8 k5wvi7nf q3lfd5jv pk4s997a bipmatt0 cebpdrjk qowsmv63 owwhemhu dp1hu0rb dhp61c6y l9j0dhe7 iyyx5f41 a8s20v7p" tabindex="-1">...</div>
  (Session info: chrome=87.0.4280.66)
Build info: version: '4.0.0-alpha-6', revision: '5f43a29cfc'
System info: host: 'LAPTOP-IIRF7F8F', ip: '192.168.4.29', os.name: 'Windows 10', os.arch: 'amd64', os.version: '10.0', java.version: '1.8.0_221'
Driver info: org.openqa.selenium.chrome.ChromeDriver
Capabilities {acceptInsecureCerts: false, browserName: chrome, browserVersion: 87.0.4280.66, chrome: {chromedriverVersion: 87.0.4280.20 (c99e81631faa0..., userDataDir: C:\Users\muhas\AppData\Loca...}, goog:chromeOptions: {debuggerAddress: localhost:51810}, javascriptEnabled: true, networkConnectionEnabled: false, pageLoadStrategy: normal, platform: WINDOWS, platformName: WINDOWS, proxy: Proxy(), setWindowRect: true, strictFileInteractability: false, timeouts: {implicit: 0, pageLoad: 300000, script: 30000}, unhandledPromptBehavior: dismiss and notify, webauthn:virtualAuthenticators: true}
Session ID: 674e5e54292f1b48aa8d96b5d84a7541
at sun.reflect.NativeConstructorAccessorImpl.newInstance0(Native Method)
at sun.reflect.NativeConstructorAccessorImpl.newInstance(NativeConstructorAccessorImpl.java:62)
at sun.reflect.DelegatingConstructorAccessorImpl.newInstance(DelegatingConstructorAccessorImpl.java:45)
at java.lang.reflect.Constructor.newInstance(Constructor.java:423)
at org.openqa.selenium.remote.codec.w3c.W3CHttpResponseCodec.createException(W3CHttpResponseCodec.java:196)
at org.openqa.selenium.remote.codec.w3c.W3CHttpResponseCodec.decode(W3CHttpResponseCodec.java:129)
at org.openqa.selenium.remote.codec.w3c.W3CHttpResponseCodec.decode(W3CHttpResponseCodec.java:53)
at org.openqa.selenium.remote.HttpCommandExecutor.execute(HttpCommandExecutor.java:160)
at org.openqa.selenium.remote.service.DriverCommandExecutor.execute(DriverCommandExecutor.java:83)
at org.openqa.selenium.remote.RemoteWebDriver.execute(RemoteWebDriver.java:582)
at org.openqa.selenium.remote.RemoteWebElement.execute(RemoteWebElement.java:316)
at org.openqa.selenium.remote.RemoteWebElement.click(RemoteWebElement.java:85)
at sun.reflect.NativeMethodAccessorImpl.invoke0(Native Method)
at sun.reflect.NativeMethodAccessorImpl.invoke(NativeMethodAccessorImpl.java:62)
at sun.reflect.DelegatingMethodAccessorImpl.invoke(DelegatingMethodAccessorImpl.java:43)
at java.lang.reflect.Method.invoke(Method.java:498)
at org.openqa.selenium.support.pagefactory.internal.LocatingElementHandler.invoke(LocatingElementHandler.java:52)
at com.sun.proxy.$Proxy20.click(Unknown Source)
at com.facebook.pageObjects.HomePage.setCreatestory(HomePage.java:81)
at com.facebook.testCases.TC_HomePage_004.HomePage(TC_HomePage_004.java:34)
at sun.reflect.NativeMethodAccessorImpl.invoke0(Native Method)
at sun.reflect.NativeMethodAccessorImpl.invoke(NativeMethodAccessorImpl.java:62)
at sun.reflect.DelegatingMethodAccessorImpl.invoke(DelegatingMethodAccessorImpl.java:43)
at java.lang.reflect.Method.invoke(Method.java:498)
at org.testng.internal.MethodInvocationHelper.invokeMethod(MethodInvocationHelper.java:132)
at org.testng.internal.TestInvoker.invokeMethod(TestInvoker.java:599)
at org.testng.internal.TestInvoker.invokeTestMethod(TestInvoker.java:174)
at org.testng.internal.MethodRunner.runInSequence(MethodRunner.java:46)
at org.testng.internal.TestInvoker$MethodInvocationAgent.invoke(TestInvoker.java:822)
at org.testng.internal.TestInvoker.invokeTestMethods(TestInvoker.java:147)
at org.testng.internal.TestMethodWorker.invokeTestMethods(TestMethodWorker.java:146)
at org.testng.internal.TestMethodWorker.run(TestMethodWorker.java:128)
at java.util.ArrayList.forEach(ArrayList.java:1257)
at org.testng.TestRunner.privateRun(TestRunner.java:764)
at org.testng.TestRunner.run(TestRunner.java:585)
at org.testng.SuiteRunner.runTest(SuiteRunner.java:384)
at org.testng.SuiteRunner.runSequentially(SuiteRunner.java:378)
at org.testng.SuiteRunner.privateRun(SuiteRunner.java:337)
at org.testng.SuiteRunner.run(SuiteRunner.java:286)
at org.testng.SuiteRunnerWorker.runSuite(SuiteRunnerWorker.java:53)
at org.testng.SuiteRunnerWorker.run(SuiteRunnerWorker.java:96)
at org.testng.TestNG.runSuitesSequentially(TestNG.java:1218)
at org.testng.TestNG.runSuitesLocally(TestNG.java:1140)
at org.testng.TestNG.runSuites(TestNG.java:1069)
at org.testng.TestNG.run(TestNG.java:1037)
at org.apache.maven.surefire.testng.TestNGExecutor.run(TestNGExecutor.java:284)
at org.apache.maven.surefire.testng.TestNGXmlTestSuite.execute(TestNGXmlTestSuite.java:75)
at org.apache.maven.surefire.testng.TestNGProvider.invoke(TestNGProvider.java:119)
at org.apache.maven.surefire.booter.ForkedBooter.runSuitesInProcess(ForkedBooter.java:428)
at org.apache.maven.surefire.booter.ForkedBooter.execute(ForkedBooter.java:162)
at org.apache.maven.surefire.booter.ForkedBooter.run(ForkedBooter.java:562)
at org.apache.maven.surefire.booter.ForkedBooter.main(ForkedBooter.java:548)
]]>
            </full-stacktrace>
          </exception> <!-- org.openqa.selenium.ElementClickInterceptedException -->
          <reporter-output>
          </reporter-output>
        </test-method> <!-- HomePage -->
        <test-method status="PASS" signature="tearDown()[pri:0, instance:com.facebook.testCases.TC_HomePage_004@51399530]" name="tearDown" is-config="true" duration-ms="96" started-at="2020-11-25T00:08:51 EST" finished-at="2020-11-25T00:08:51 EST">
          <reporter-output>
          </reporter-output>
        </test-method> <!-- tearDown -->
      </class> <!-- com.facebook.testCases.TC_HomePage_004 -->
      <class name="com.facebook.testCases.TC_LoginTest_003">
        <test-method status="PASS" signature="setup(java.lang.String)[pri:0, instance:com.facebook.testCases.TC_LoginTest_003@6b2ea799]" name="setup" is-config="true" duration-ms="3382" started-at="2020-11-25T00:08:51 EST" finished-at="2020-11-25T00:08:55 EST">
          <params>
            <param index="0">
              <value>
                <![CDATA[chrome]]>
              </value>
            </param>
          </params>
          <reporter-output>
          </reporter-output>
        </test-method> <!-- setup -->
        <test-method status="PASS" signature="LoginTest()[pri:0, instance:com.facebook.testCases.TC_LoginTest_003@6b2ea799]" name="LoginTest" duration-ms="14603" started-at="2020-11-25T00:08:55 EST" finished-at="2020-11-25T00:09:09 EST">
          <reporter-output>
          </reporter-output>
        </test-method> <!-- LoginTest -->
        <test-method status="PASS" signature="tearDown()[pri:0, instance:com.facebook.testCases.TC_LoginTest_003@6b2ea799]" name="tearDown" is-config="true" duration-ms="166" started-at="2020-11-25T00:09:09 EST" finished-at="2020-11-25T00:09:10 EST">
          <reporter-output>
          </reporter-output>
        </test-method> <!-- tearDown -->
      </class> <!-- com.facebook.testCases.TC_LoginTest_003 -->
      <class name="com.facebook.testCases.TC_SignUPTest_001">
        <test-method status="PASS" signature="setup(java.lang.String)[pri:0, instance:com.facebook.testCases.TC_SignUPTest_001@2b71e916]" name="setup" is-config="true" duration-ms="3515" started-at="2020-11-25T00:10:06 EST" finished-at="2020-11-25T00:10:09 EST">
          <params>
            <param index="0">
              <value>
                <![CDATA[chrome]]>
              </value>
            </param>
          </params>
          <reporter-output>
          </reporter-output>
        </test-method> <!-- setup -->
        <test-method status="PASS" signature="SignUPTest()[pri:0, instance:com.facebook.testCases.TC_SignUPTest_001@2b71e916]" name="SignUPTest" duration-ms="13736" started-at="2020-11-25T00:10:09 EST" finished-at="2020-11-25T00:10:23 EST">
          <reporter-output>
          </reporter-output>
        </test-method> <!-- SignUPTest -->
        <test-method status="PASS" signature="tearDown()[pri:0, instance:com.facebook.testCases.TC_SignUPTest_001@2b71e916]" name="tearDown" is-config="true" duration-ms="99" started-at="2020-11-25T00:10:23 EST" finished-at="2020-11-25T00:10:23 EST">
          <reporter-output>
          </reporter-output>
        </test-method> <!-- tearDown -->
      </class> <!-- com.facebook.testCases.TC_SignUPTest_001 -->
      <class name="com.facebook.testCases.TC_Groups_005">
        <test-method status="PASS" signature="setup(java.lang.String)[pri:0, instance:com.facebook.testCases.TC_Groups_005@6771beb3]" name="setup" is-config="true" duration-ms="6899" started-at="2020-11-25T00:07:51 EST" finished-at="2020-11-25T00:07:58 EST">
          <params>
            <param index="0">
              <value>
                <![CDATA[chrome]]>
              </value>
            </param>
          </params>
          <reporter-output>
          </reporter-output>
        </test-method> <!-- setup -->
        <test-method status="FAIL" signature="GroupsPage()[pri:0, instance:com.facebook.testCases.TC_Groups_005@6771beb3]" name="GroupsPage" duration-ms="33765" started-at="2020-11-25T00:07:58 EST" finished-at="2020-11-25T00:08:31 EST">
          <exception class="org.openqa.selenium.StaleElementReferenceException">
            <message>
              <![CDATA[stale element reference: element is not attached to the page document
  (Session info: chrome=87.0.4280.66)
For documentation on this error, please visit: https://selenium.dev/exceptions/#stale_element_reference
Build info: version: '4.0.0-alpha-6', revision: '5f43a29cfc'
System info: host: 'LAPTOP-IIRF7F8F', ip: '192.168.4.29', os.name: 'Windows 10', os.arch: 'amd64', os.version: '10.0', java.version: '1.8.0_221'
Driver info: org.openqa.selenium.chrome.ChromeDriver
Capabilities {acceptInsecureCerts: false, browserName: chrome, browserVersion: 87.0.4280.66, chrome: {chromedriverVersion: 87.0.4280.20 (c99e81631faa0..., userDataDir: C:\Users\muhas\AppData\Loca...}, goog:chromeOptions: {debuggerAddress: localhost:51755}, javascriptEnabled: true, networkConnectionEnabled: false, pageLoadStrategy: normal, platform: WINDOWS, platformName: WINDOWS, proxy: Proxy(), setWindowRect: true, strictFileInteractability: false, timeouts: {implicit: 0, pageLoad: 300000, script: 30000}, unhandledPromptBehavior: dismiss and notify, webauthn:virtualAuthenticators: true}
Session ID: 8292fe1dced174df01a88f803b850df5]]>
            </message>
            <full-stacktrace>
              <![CDATA[org.openqa.selenium.StaleElementReferenceException: stale element reference: element is not attached to the page document
  (Session info: chrome=87.0.4280.66)
For documentation on this error, please visit: https://selenium.dev/exceptions/#stale_element_reference
Build info: version: '4.0.0-alpha-6', revision: '5f43a29cfc'
System info: host: 'LAPTOP-IIRF7F8F', ip: '192.168.4.29', os.name: 'Windows 10', os.arch: 'amd64', os.version: '10.0', java.version: '1.8.0_221'
Driver info: org.openqa.selenium.chrome.ChromeDriver
Capabilities {acceptInsecureCerts: false, browserName: chrome, browserVersion: 87.0.4280.66, chrome: {chromedriverVersion: 87.0.4280.20 (c99e81631faa0..., userDataDir: C:\Users\muhas\AppData\Loca...}, goog:chromeOptions: {debuggerAddress: localhost:51755}, javascriptEnabled: true, networkConnectionEnabled: false, pageLoadStrategy: normal, platform: WINDOWS, platformName: WINDOWS, proxy: Proxy(), setWindowRect: true, strictFileInteractability: false, timeouts: {implicit: 0, pageLoad: 300000, script: 30000}, unhandledPromptBehavior: dismiss and notify, webauthn:virtualAuthenticators: true}
Session ID: 8292fe1dced174df01a88f803b850df5
at sun.reflect.NativeConstructorAccessorImpl.newInstance0(Native Method)
at sun.reflect.NativeConstructorAccessorImpl.newInstance(NativeConstructorAccessorImpl.java:62)
at sun.reflect.DelegatingConstructorAccessorImpl.newInstance(DelegatingConstructorAccessorImpl.java:45)
at java.lang.reflect.Constructor.newInstance(Constructor.java:423)
at org.openqa.selenium.remote.codec.w3c.W3CHttpResponseCodec.createException(W3CHttpResponseCodec.java:196)
at org.openqa.selenium.remote.codec.w3c.W3CHttpResponseCodec.decode(W3CHttpResponseCodec.java:129)
at org.openqa.selenium.remote.codec.w3c.W3CHttpResponseCodec.decode(W3CHttpResponseCodec.java:53)
at org.openqa.selenium.remote.HttpCommandExecutor.execute(HttpCommandExecutor.java:160)
at org.openqa.selenium.remote.service.DriverCommandExecutor.execute(DriverCommandExecutor.java:83)
at org.openqa.selenium.remote.RemoteWebDriver.execute(RemoteWebDriver.java:582)
at org.openqa.selenium.remote.RemoteWebElement.execute(RemoteWebElement.java:316)
at org.openqa.selenium.remote.RemoteWebElement.click(RemoteWebElement.java:85)
at sun.reflect.NativeMethodAccessorImpl.invoke0(Native Method)
at sun.reflect.NativeMethodAccessorImpl.invoke(NativeMethodAccessorImpl.java:62)
at sun.reflect.DelegatingMethodAccessorImpl.invoke(DelegatingMethodAccessorImpl.java:43)
at java.lang.reflect.Method.invoke(Method.java:498)
at org.openqa.selenium.support.pagefactory.internal.LocatingElementHandler.invoke(LocatingElementHandler.java:52)
at com.sun.proxy.$Proxy20.click(Unknown Source)
at com.facebook.pageObjects.GroupsPage.clickcreatenewgroup(GroupsPage.java:83)
at com.facebook.testCases.TC_Groups_005.GroupsPage(TC_Groups_005.java:38)
at sun.reflect.NativeMethodAccessorImpl.invoke0(Native Method)
at sun.reflect.NativeMethodAccessorImpl.invoke(NativeMethodAccessorImpl.java:62)
at sun.reflect.DelegatingMethodAccessorImpl.invoke(DelegatingMethodAccessorImpl.java:43)
at java.lang.reflect.Method.invoke(Method.java:498)
at org.testng.internal.MethodInvocationHelper.invokeMethod(MethodInvocationHelper.java:132)
at org.testng.internal.TestInvoker.invokeMethod(TestInvoker.java:599)
at org.testng.internal.TestInvoker.invokeTestMethod(TestInvoker.java:174)
at org.testng.internal.MethodRunner.runInSequence(MethodRunner.java:46)
at org.testng.internal.TestInvoker$MethodInvocationAgent.invoke(TestInvoker.java:822)
at org.testng.internal.TestInvoker.invokeTestMethods(TestInvoker.java:147)
at org.testng.internal.TestMethodWorker.invokeTestMethods(TestMethodWorker.java:146)
at org.testng.internal.TestMethodWorker.run(TestMethodWorker.java:128)
at java.util.ArrayList.forEach(ArrayList.java:1257)
at org.testng.TestRunner.privateRun(TestRunner.java:764)
at org.testng.TestRunner.run(TestRunner.java:585)
at org.testng.SuiteRunner.runTest(SuiteRunner.java:384)
at org.testng.SuiteRunner.runSequentially(SuiteRunner.java:378)
at org.testng.SuiteRunner.privateRun(SuiteRunner.java:337)
at org.testng.SuiteRunner.run(SuiteRunner.java:286)
at org.testng.SuiteRunnerWorker.runSuite(SuiteRunnerWorker.java:53)
at org.testng.SuiteRunnerWorker.run(SuiteRunnerWorker.java:96)
at org.testng.TestNG.runSuitesSequentially(TestNG.java:1218)
at org.testng.TestNG.runSuitesLocally(TestNG.java:1140)
at org.testng.TestNG.runSuites(TestNG.java:1069)
at org.testng.TestNG.run(TestNG.java:1037)
at org.apache.maven.surefire.testng.TestNGExecutor.run(TestNGExecutor.java:284)
at org.apache.maven.surefire.testng.TestNGXmlTestSuite.execute(TestNGXmlTestSuite.java:75)
at org.apache.maven.surefire.testng.TestNGProvider.invoke(TestNGProvider.java:119)
at org.apache.maven.surefire.booter.ForkedBooter.runSuitesInProcess(ForkedBooter.java:428)
at org.apache.maven.surefire.booter.ForkedBooter.execute(ForkedBooter.java:162)
at org.apache.maven.surefire.booter.ForkedBooter.run(ForkedBooter.java:562)
at org.apache.maven.surefire.booter.ForkedBooter.main(ForkedBooter.java:548)
]]>
            </full-stacktrace>
          </exception> <!-- org.openqa.selenium.StaleElementReferenceException -->
          <reporter-output>
          </reporter-output>
        </test-method> <!-- GroupsPage -->
        <test-method status="PASS" signature="tearDown()[pri:0, instance:com.facebook.testCases.TC_Groups_005@6771beb3]" name="tearDown" is-config="true" duration-ms="126" started-at="2020-11-25T00:08:31 EST" finished-at="2020-11-25T00:08:32 EST">
          <reporter-output>
          </reporter-output>
        </test-method> <!-- tearDown -->
      </class> <!-- com.facebook.testCases.TC_Groups_005 -->
      <class name="com.facebook.testCases.TC_SignUpDDT_002">
        <test-method status="PASS" signature="setup(java.lang.String)[pri:0, instance:com.facebook.testCases.TC_SignUpDDT_002@411f53a0]" name="setup" is-config="true" duration-ms="3600" started-at="2020-11-25T00:09:10 EST" finished-at="2020-11-25T00:09:13 EST">
          <params>
            <param index="0">
              <value>
                <![CDATA[chrome]]>
              </value>
            </param>
          </params>
          <reporter-output>
          </reporter-output>
        </test-method> <!-- setup -->
        <test-method status="PASS" signature="signUpTest(java.lang.String, java.lang.String, java.lang.String, java.lang.String, java.lang.String, java.lang.String, java.lang.String, java.lang.String, java.lang.String)[pri:0, instance:com.facebook.testCases.TC_SignUpDDT_002@411f53a0]" name="signUpTest" duration-ms="13625" started-at="2020-11-25T00:09:15 EST" data-provider="SignUpData" finished-at="2020-11-25T00:09:28 EST">
          <params>
            <param index="0">
              <value>
                <![CDATA[Asif]]>
              </value>
            </param>
            <param index="1">
              <value>
                <![CDATA[Khan]]>
              </value>
            </param>
            <param index="2">
              <value>
                <![CDATA[khanasif.qa@gmail.com]]>
              </value>
            </param>
            <param index="3">
              <value>
                <![CDATA[Rabika2020@]]>
              </value>
            </param>
            <param index="4">
              <value>
                <![CDATA[Mar]]>
              </value>
            </param>
            <param index="5">
              <value>
                <![CDATA[4]]>
              </value>
            </param>
            <param index="6">
              <value>
                <![CDATA[1990]]>
              </value>
            </param>
            <param index="7">
              <value>
                <![CDATA[Male]]>
              </value>
            </param>
            <param index="8">
              <value>
                <![CDATA[Passed]]>
              </value>
            </param>
          </params>
          <reporter-output>
          </reporter-output>
        </test-method> <!-- signUpTest -->
        <test-method status="PASS" signature="signUpTest(java.lang.String, java.lang.String, java.lang.String, java.lang.String, java.lang.String, java.lang.String, java.lang.String, java.lang.String, java.lang.String)[pri:0, instance:com.facebook.testCases.TC_SignUpDDT_002@411f53a0]" name="signUpTest" duration-ms="12680" started-at="2020-11-25T00:09:28 EST" data-provider="SignUpData" finished-at="2020-11-25T00:09:41 EST">
          <params>
            <param index="0">
              <value>
                <![CDATA[Asif]]>
              </value>
            </param>
            <param index="1">
              <value>
                <![CDATA[Khan]]>
              </value>
            </param>
            <param index="2">
              <value>
                <![CDATA[khanasif@gmail.com]]>
              </value>
            </param>
            <param index="3">
              <value>
                <![CDATA[Rabika2020@]]>
              </value>
            </param>
            <param index="4">
              <value>
                <![CDATA[Mar]]>
              </value>
            </param>
            <param index="5">
              <value>
                <![CDATA[4]]>
              </value>
            </param>
            <param index="6">
              <value>
                <![CDATA[1990]]>
              </value>
            </param>
            <param index="7">
              <value>
                <![CDATA[Male]]>
              </value>
            </param>
            <param index="8">
              <value>
                <![CDATA[failed]]>
              </value>
            </param>
          </params>
          <reporter-output>
          </reporter-output>
        </test-method> <!-- signUpTest -->
        <test-method status="PASS" signature="signUpTest(java.lang.String, java.lang.String, java.lang.String, java.lang.String, java.lang.String, java.lang.String, java.lang.String, java.lang.String, java.lang.String)[pri:0, instance:com.facebook.testCases.TC_SignUpDDT_002@411f53a0]" name="signUpTest" duration-ms="12473" started-at="2020-11-25T00:09:41 EST" data-provider="SignUpData" finished-at="2020-11-25T00:09:53 EST">
          <params>
            <param index="0">
              <value>
                <![CDATA[Asif]]>
              </value>
            </param>
            <param index="1">
              <value>
                <![CDATA[Khan]]>
              </value>
            </param>
            <param index="2">
              <value>
                <![CDATA[khanasif.qa@gmail.com]]>
              </value>
            </param>
            <param index="3">
              <value>
                <![CDATA[Rabika2020]]>
              </value>
            </param>
            <param index="4">
              <value>
                <![CDATA[Mar]]>
              </value>
            </param>
            <param index="5">
              <value>
                <![CDATA[4]]>
              </value>
            </param>
            <param index="6">
              <value>
                <![CDATA[1990]]>
              </value>
            </param>
            <param index="7">
              <value>
                <![CDATA[Male]]>
              </value>
            </param>
            <param index="8">
              <value>
                <![CDATA[failed]]>
              </value>
            </param>
          </params>
          <reporter-output>
          </reporter-output>
        </test-method> <!-- signUpTest -->
        <test-method status="PASS" signature="signUpTest(java.lang.String, java.lang.String, java.lang.String, java.lang.String, java.lang.String, java.lang.String, java.lang.String, java.lang.String, java.lang.String)[pri:0, instance:com.facebook.testCases.TC_SignUpDDT_002@411f53a0]" name="signUpTest" duration-ms="12323" started-at="2020-11-25T00:09:53 EST" data-provider="SignUpData" finished-at="2020-11-25T00:10:06 EST">
          <params>
            <param index="0">
              <value>
                <![CDATA[Asif]]>
              </value>
            </param>
            <param index="1">
              <value>
                <![CDATA[Kan]]>
              </value>
            </param>
            <param index="2">
              <value>
                <![CDATA[khanasif.qa@gmail.com]]>
              </value>
            </param>
            <param index="3">
              <value>
                <![CDATA[Rabika2020@]]>
              </value>
            </param>
            <param index="4">
              <value>
                <![CDATA[Mar]]>
              </value>
            </param>
            <param index="5">
              <value>
                <![CDATA[4]]>
              </value>
            </param>
            <param index="6">
              <value>
                <![CDATA[1990]]>
              </value>
            </param>
            <param index="7">
              <value>
                <![CDATA[Male]]>
              </value>
            </param>
            <param index="8">
              <value>
                <![CDATA[failed]]>
              </value>
            </param>
          </params>
          <reporter-output>
          </reporter-output>
        </test-method> <!-- signUpTest -->
        <test-method status="PASS" signature="tearDown()[pri:0, instance:com.facebook.testCases.TC_SignUpDDT_002@411f53a0]" name="tearDown" is-config="true" duration-ms="64" started-at="2020-11-25T00:10:06 EST" finished-at="2020-11-25T00:10:06 EST">
          <reporter-output>
          </reporter-output>
        </test-method> <!-- tearDown -->
      </class> <!-- com.facebook.testCases.TC_SignUpDDT_002 -->
    </test> <!-- facebookTests -->
  </suite> <!-- facebook Master Suite -->
</testng-results>
