<?xml version="1.0" encoding="UTF-8"?>
<testng-results skipped="0" failed="1" ignored="0" total="2" passed="1">
  <reporter-output>
  </reporter-output>
  <suite name="facebook" duration-ms="73358" started-at="2020-11-24T22:17:34 EST" finished-at="2020-11-24T22:18:47 EST">
    <groups>
      <group name="regression">
        <method signature="TC_HomePage_004.HomePage()[pri:0, instance:com.facebook.testCases.TC_HomePage_004@4da4253]" name="HomePage" class="com.facebook.testCases.TC_HomePage_004"/>
      </group> <!-- regression -->
      <group name="master">
        <method signature="TC_Groups_005.GroupsPage()[pri:0, instance:com.facebook.testCases.TC_Groups_005@3972a855]" name="GroupsPage" class="com.facebook.testCases.TC_Groups_005"/>
        <method signature="TC_HomePage_004.HomePage()[pri:0, instance:com.facebook.testCases.TC_HomePage_004@4da4253]" name="HomePage" class="com.facebook.testCases.TC_HomePage_004"/>
      </group> <!-- master -->
    </groups>
    <test name="chrometest" duration-ms="73358" started-at="2020-11-24T22:17:34 EST" finished-at="2020-11-24T22:18:47 EST">
      <class name="com.facebook.testCases.TC_HomePage_004">
        <test-method status="PASS" signature="setup(java.lang.String)[pri:0, instance:com.facebook.testCases.TC_HomePage_004@4da4253]" name="setup" is-config="true" duration-ms="6195" started-at="2020-11-24T22:17:34 EST" finished-at="2020-11-24T22:17:40 EST">
          <params>
            <param index="0">
              <value>
                <![CDATA[chrome]]>
              </value>
            </param>
          </params>
          <reporter-output>
          </reporter-output>
        </test-method> <!-- setup -->
        <test-method status="PASS" signature="HomePage()[pri:0, instance:com.facebook.testCases.TC_HomePage_004@4da4253]" name="HomePage" duration-ms="30173" started-at="2020-11-24T22:17:40 EST" finished-at="2020-11-24T22:18:11 EST">
          <reporter-output>
          </reporter-output>
        </test-method> <!-- HomePage -->
        <test-method status="PASS" signature="tearDown()[pri:0, instance:com.facebook.testCases.TC_HomePage_004@4da4253]" name="tearDown" is-config="true" duration-ms="159" started-at="2020-11-24T22:18:11 EST" finished-at="2020-11-24T22:18:11 EST">
          <reporter-output>
          </reporter-output>
        </test-method> <!-- tearDown -->
      </class> <!-- com.facebook.testCases.TC_HomePage_004 -->
      <class name="com.facebook.testCases.TC_Groups_005">
        <test-method status="PASS" signature="setup(java.lang.String)[pri:0, instance:com.facebook.testCases.TC_Groups_005@3972a855]" name="setup" is-config="true" duration-ms="3783" started-at="2020-11-24T22:18:11 EST" finished-at="2020-11-24T22:18:15 EST">
          <params>
            <param index="0">
              <value>
                <![CDATA[chrome]]>
              </value>
            </param>
          </params>
          <reporter-output>
          </reporter-output>
        </test-method> <!-- setup -->
        <test-method status="FAIL" signature="GroupsPage()[pri:0, instance:com.facebook.testCases.TC_Groups_005@3972a855]" name="GroupsPage" duration-ms="32500" started-at="2020-11-24T22:18:15 EST" finished-at="2020-11-24T22:18:47 EST">
          <exception class="org.openqa.selenium.StaleElementReferenceException">
            <message>
              <![CDATA[stale element reference: element is not attached to the page document
  (Session info: chrome=87.0.4280.66)
For documentation on this error, please visit: https://selenium.dev/exceptions/#stale_element_reference
Build info: version: '4.0.0-alpha-6', revision: '5f43a29cfc'
System info: host: 'LAPTOP-IIRF7F8F', ip: '192.168.4.29', os.name: 'Windows 10', os.arch: 'amd64', os.version: '10.0', java.version: '1.8.0_221'
Driver info: org.openqa.selenium.chrome.ChromeDriver
Capabilities {acceptInsecureCerts: false, browserName: chrome, browserVersion: 87.0.4280.66, chrome: {chromedriverVersion: 87.0.4280.20 (c99e81631faa0..., userDataDir: C:\Users\muhas\AppData\Loca...}, goog:chromeOptions: {debuggerAddress: localhost:63484}, javascriptEnabled: true, networkConnectionEnabled: false, pageLoadStrategy: normal, platform: WINDOWS, platformName: WINDOWS, proxy: Proxy(), setWindowRect: true, strictFileInteractability: false, timeouts: {implicit: 0, pageLoad: 300000, script: 30000}, unhandledPromptBehavior: dismiss and notify, webauthn:virtualAuthenticators: true}
Session ID: 904091d6a933f2f315fd6cb6d6a08607]]>
            </message>
            <full-stacktrace>
              <![CDATA[org.openqa.selenium.StaleElementReferenceException: stale element reference: element is not attached to the page document
  (Session info: chrome=87.0.4280.66)
For documentation on this error, please visit: https://selenium.dev/exceptions/#stale_element_reference
Build info: version: '4.0.0-alpha-6', revision: '5f43a29cfc'
System info: host: 'LAPTOP-IIRF7F8F', ip: '192.168.4.29', os.name: 'Windows 10', os.arch: 'amd64', os.version: '10.0', java.version: '1.8.0_221'
Driver info: org.openqa.selenium.chrome.ChromeDriver
Capabilities {acceptInsecureCerts: false, browserName: chrome, browserVersion: 87.0.4280.66, chrome: {chromedriverVersion: 87.0.4280.20 (c99e81631faa0..., userDataDir: C:\Users\muhas\AppData\Loca...}, goog:chromeOptions: {debuggerAddress: localhost:63484}, javascriptEnabled: true, networkConnectionEnabled: false, pageLoadStrategy: normal, platform: WINDOWS, platformName: WINDOWS, proxy: Proxy(), setWindowRect: true, strictFileInteractability: false, timeouts: {implicit: 0, pageLoad: 300000, script: 30000}, unhandledPromptBehavior: dismiss and notify, webauthn:virtualAuthenticators: true}
Session ID: 904091d6a933f2f315fd6cb6d6a08607
at sun.reflect.NativeConstructorAccessorImpl.newInstance0(Native Method)
at sun.reflect.NativeConstructorAccessorImpl.newInstance(NativeConstructorAccessorImpl.java:62)
at sun.reflect.DelegatingConstructorAccessorImpl.newInstance(DelegatingConstructorAccessorImpl.java:45)
at java.lang.reflect.Constructor.newInstance(Constructor.java:423)
at org.openqa.selenium.remote.codec.w3c.W3CHttpResponseCodec.createException(W3CHttpResponseCodec.java:196)
at org.openqa.selenium.remote.codec.w3c.W3CHttpResponseCodec.decode(W3CHttpResponseCodec.java:129)
at org.openqa.selenium.remote.codec.w3c.W3CHttpResponseCodec.decode(W3CHttpResponseCodec.java:53)
at org.openqa.selenium.remote.HttpCommandExecutor.execute(HttpCommandExecutor.java:160)
at org.openqa.selenium.remote.service.DriverCommandExecutor.execute(DriverCommandExecutor.java:83)
at org.openqa.selenium.remote.RemoteWebDriver.execute(RemoteWebDriver.java:582)
at org.openqa.selenium.remote.RemoteWebElement.execute(RemoteWebElement.java:316)
at org.openqa.selenium.remote.RemoteWebElement.click(RemoteWebElement.java:85)
at sun.reflect.NativeMethodAccessorImpl.invoke0(Native Method)
at sun.reflect.NativeMethodAccessorImpl.invoke(NativeMethodAccessorImpl.java:62)
at sun.reflect.DelegatingMethodAccessorImpl.invoke(DelegatingMethodAccessorImpl.java:43)
at java.lang.reflect.Method.invoke(Method.java:498)
at org.openqa.selenium.support.pagefactory.internal.LocatingElementHandler.invoke(LocatingElementHandler.java:52)
at com.sun.proxy.$Proxy32.click(Unknown Source)
at com.facebook.pageObjects.GroupsPage.clickcreatenewgroup(GroupsPage.java:83)
at com.facebook.testCases.TC_Groups_005.GroupsPage(TC_Groups_005.java:35)
at sun.reflect.NativeMethodAccessorImpl.invoke0(Native Method)
at sun.reflect.NativeMethodAccessorImpl.invoke(NativeMethodAccessorImpl.java:62)
at sun.reflect.DelegatingMethodAccessorImpl.invoke(DelegatingMethodAccessorImpl.java:43)
at java.lang.reflect.Method.invoke(Method.java:498)
at org.testng.internal.MethodInvocationHelper.invokeMethod(MethodInvocationHelper.java:132)
at org.testng.internal.TestInvoker.invokeMethod(TestInvoker.java:599)
at org.testng.internal.TestInvoker.invokeTestMethod(TestInvoker.java:174)
at org.testng.internal.MethodRunner.runInSequence(MethodRunner.java:46)
at org.testng.internal.TestInvoker$MethodInvocationAgent.invoke(TestInvoker.java:822)
at org.testng.internal.TestInvoker.invokeTestMethods(TestInvoker.java:147)
at org.testng.internal.TestMethodWorker.invokeTestMethods(TestMethodWorker.java:146)
at org.testng.internal.TestMethodWorker.run(TestMethodWorker.java:128)
at java.util.ArrayList.forEach(ArrayList.java:1257)
at org.testng.TestRunner.privateRun(TestRunner.java:764)
at org.testng.TestRunner.run(TestRunner.java:585)
at org.testng.SuiteRunner.runTest(SuiteRunner.java:384)
at org.testng.SuiteRunner.access$000(SuiteRunner.java:28)
at org.testng.SuiteRunner$SuiteWorker.run(SuiteRunner.java:425)
at org.testng.internal.thread.ThreadUtil.lambda$execute$0(ThreadUtil.java:66)
at java.util.concurrent.FutureTask.run(FutureTask.java:266)
at java.util.concurrent.ThreadPoolExecutor.runWorker(ThreadPoolExecutor.java:1149)
at java.util.concurrent.ThreadPoolExecutor$Worker.run(ThreadPoolExecutor.java:624)
at java.lang.Thread.run(Thread.java:748)
]]>
            </full-stacktrace>
          </exception> <!-- org.openqa.selenium.StaleElementReferenceException -->
          <reporter-output>
          </reporter-output>
        </test-method> <!-- GroupsPage -->
        <test-method status="PASS" signature="tearDown()[pri:0, instance:com.facebook.testCases.TC_Groups_005@3972a855]" name="tearDown" is-config="true" duration-ms="137" started-at="2020-11-24T22:18:47 EST" finished-at="2020-11-24T22:18:47 EST">
          <reporter-output>
          </reporter-output>
        </test-method> <!-- tearDown -->
      </class> <!-- com.facebook.testCases.TC_Groups_005 -->
    </test> <!-- chrometest -->
  </suite> <!-- facebook -->
</testng-results>
